[debug] [2023-09-29T15:08:49.939Z] ----------------------------------------------------------------------
[debug] [2023-09-29T15:08:49.940Z] Command:       /usr/local/bin/node /opt/homebrew/bin/firebase init
[debug] [2023-09-29T15:08:49.940Z] CLI Version:   12.6.1
[debug] [2023-09-29T15:08:49.940Z] Platform:      darwin
[debug] [2023-09-29T15:08:49.940Z] Node Version:  v16.15.1
[debug] [2023-09-29T15:08:49.941Z] Time:          Fri Sep 29 2023 10:08:49 GMT-0500 (Central Daylight Time)
[debug] [2023-09-29T15:08:49.941Z] ----------------------------------------------------------------------
[debug] 
[debug] [2023-09-29T15:08:49.944Z] > command requires scopes: ["email","openid","https://www.googleapis.com/auth/cloudplatformprojects.readonly","https://www.googleapis.com/auth/firebase","https://www.googleapis.com/auth/cloud-platform"]
[debug] [2023-09-29T15:08:49.945Z] > authorizing via signed-in user (samuelbusyness@gmail.com)
[info] 
     ######## #### ########  ######## ########     ###     ######  ########
     ##        ##  ##     ## ##       ##     ##  ##   ##  ##       ##
     ######    ##  ########  ######   ########  #########  ######  ######
     ##        ##  ##    ##  ##       ##     ## ##     ##       ## ##
     ##       #### ##     ## ######## ########  ##     ##  ######  ########

You're about to initialize a Firebase project in this directory:

  /Users/samuelcornet/Documents/real-estate-ng

[info] 
=== Project Setup
[info] 
[info] First, let's associate this project directory with a Firebase project.
[info] You can create multiple project aliases by running firebase use --add, 
[info] but for now we'll just set up a default project.
[info] 
[debug] [2023-09-29T15:10:47.536Z] >>> [apiv2][query] GET https://firebase.googleapis.com/v1beta1/projects pageSize=100
[debug] [2023-09-29T15:10:48.226Z] <<< [apiv2][status] GET https://firebase.googleapis.com/v1beta1/projects 200
[debug] [2023-09-29T15:10:48.226Z] <<< [apiv2][body] GET https://firebase.googleapis.com/v1beta1/projects [omitted]
[info] i  Using project real-estate-ng-bac11 (real-estate-ng) 
[info] 
=== Hosting Setup
[info] 
[info] Your public directory is the folder (relative to your project directory) that
[info] will contain Hosting assets to be uploaded with firebase deploy. If you
[info] have a build process for your assets, use your build's output directory.
[info] 
